<?xml version="1.0" encoding="UTF-8"?>
<!-- Generated by org.testng.reporters.JUnitReportReporter -->
<testsuite skipped="0" hostname="DESKTOP-SRK0F91" name="tests.db.DbTests" tests="1" failures="0" timestamp="2022-01-17T16:40:32 CET" time="1.621" errors="0">
  <testcase name="dbTest" time="1.621" classname="tests.db.DbTests"/>
  <system-out/>
</testsuite> <!-- tests.db.DbTests -->
