<?xml version="1.0" encoding="UTF-8"?>
<!-- Generated by org.testng.reporters.JUnitReportReporter -->
<testsuite skipped="0" hostname="DESKTOP-SRK0F91" name="tests.api.ApiRequestTests" tests="3" failures="0" timestamp="2022-01-17T16:40:32 CET" time="3.031" errors="0">
  <testcase name="test_NumberOfCircuits_ShouldBe_DataDriven" time="0.156" classname="tests.api.ApiRequestTests"/>
  <system-out/>
  <testcase name="test_NumberOfCircuits_ShouldBe_DataDriven" time="2.310" classname="tests.api.ApiRequestTests"/>
  <system-out/>
  <testcase name="test_NumberOfCircuits_ShouldBe_DataDriven" time="0.565" classname="tests.api.ApiRequestTests"/>
  <system-out/>
</testsuite> <!-- tests.api.ApiRequestTests -->
